2025-07-25 12:57:52,309 - data_manager - INFO - Database setup completed successfully
2025-07-25 12:57:52,535 - data_manager - INFO - Fetched 124 records for ^NSEI
2025-07-25 12:57:52,541 - data_manager - ERROR - Error calculating technical indicators: module 'ta.volume' has no attribute 'volume_sma'
2025-07-25 12:57:57,227 - data_manager - INFO - Database setup completed successfully
2025-07-25 12:57:57,435 - data_manager - INFO - Fetched 124 records for ^NSEI
2025-07-25 12:57:57,440 - data_manager - ERROR - Error calculating technical indicators: module 'ta.volume' has no attribute 'volume_sma'
2025-07-25 12:58:02,744 - data_manager - INFO - Database setup completed successfully
2025-07-25 12:58:02,882 - data_manager - INFO - Fetched 124 records for ^NSEI
2025-07-25 12:58:02,888 - data_manager - ERROR - Error calculating technical indicators: module 'ta.volume' has no attribute 'volume_sma'
2025-07-25 12:58:07,607 - data_manager - INFO - Database setup completed successfully
2025-07-25 12:58:07,750 - data_manager - INFO - Fetched 124 records for ^NSEI
2025-07-25 12:58:07,756 - data_manager - ERROR - Error calculating technical indicators: module 'ta.volume' has no attribute 'volume_sma'
2025-07-25 12:58:12,750 - data_manager - INFO - Database setup completed successfully
2025-07-25 12:58:12,886 - data_manager - INFO - Fetched 124 records for ^NSEI
2025-07-25 12:58:12,892 - data_manager - ERROR - Error calculating technical indicators: module 'ta.volume' has no attribute 'volume_sma'
2025-07-25 12:58:17,857 - data_manager - INFO - Database setup completed successfully
2025-07-25 12:58:18,011 - data_manager - INFO - Fetched 124 records for ^NSEI
2025-07-25 12:58:18,020 - data_manager - ERROR - Error calculating technical indicators: module 'ta.volume' has no attribute 'volume_sma'
2025-07-25 12:58:23,375 - data_manager - INFO - Database setup completed successfully
2025-07-25 12:58:23,501 - data_manager - INFO - Fetched 124 records for ^NSEI
2025-07-25 12:58:23,509 - data_manager - ERROR - Error calculating technical indicators: module 'ta.volume' has no attribute 'volume_sma'
2025-07-25 12:58:28,566 - data_manager - INFO - Database setup completed successfully
2025-07-25 12:58:28,698 - data_manager - INFO - Fetched 124 records for ^NSEI
2025-07-25 12:58:28,703 - data_manager - ERROR - Error calculating technical indicators: module 'ta.volume' has no attribute 'volume_sma'
2025-07-25 12:58:34,245 - data_manager - INFO - Database setup completed successfully
2025-07-25 12:58:34,393 - data_manager - INFO - Fetched 124 records for ^NSEI
2025-07-25 12:58:34,399 - data_manager - ERROR - Error calculating technical indicators: module 'ta.volume' has no attribute 'volume_sma'
2025-07-25 12:58:39,433 - data_manager - INFO - Database setup completed successfully
2025-07-25 12:58:39,567 - data_manager - INFO - Fetched 124 records for ^NSEI
2025-07-25 12:58:39,574 - data_manager - ERROR - Error calculating technical indicators: module 'ta.volume' has no attribute 'volume_sma'
2025-07-25 12:58:45,003 - data_manager - INFO - Database setup completed successfully
2025-07-25 12:58:45,140 - data_manager - INFO - Fetched 124 records for ^NSEI
2025-07-25 12:58:45,146 - data_manager - ERROR - Error calculating technical indicators: module 'ta.volume' has no attribute 'volume_sma'
2025-07-25 12:58:49,881 - data_manager - INFO - Database setup completed successfully
2025-07-25 12:58:50,004 - data_manager - INFO - Fetched 124 records for ^NSEI
2025-07-25 12:58:50,010 - data_manager - ERROR - Error calculating technical indicators: module 'ta.volume' has no attribute 'volume_sma'
2025-07-25 12:58:55,036 - data_manager - INFO - Database setup completed successfully
2025-07-25 12:58:55,181 - data_manager - INFO - Fetched 124 records for ^NSEI
2025-07-25 12:58:55,187 - data_manager - ERROR - Error calculating technical indicators: module 'ta.volume' has no attribute 'volume_sma'
2025-07-25 12:59:00,587 - data_manager - INFO - Database setup completed successfully
2025-07-25 12:59:00,732 - data_manager - INFO - Fetched 124 records for ^NSEI
2025-07-25 12:59:00,738 - data_manager - ERROR - Error calculating technical indicators: module 'ta.volume' has no attribute 'volume_sma'
2025-07-25 12:59:05,481 - data_manager - INFO - Database setup completed successfully
2025-07-25 12:59:05,608 - data_manager - INFO - Fetched 124 records for ^NSEI
2025-07-25 12:59:05,613 - data_manager - ERROR - Error calculating technical indicators: module 'ta.volume' has no attribute 'volume_sma'
2025-07-25 12:59:11,045 - data_manager - INFO - Database setup completed successfully
2025-07-25 12:59:11,256 - data_manager - INFO - Fetched 124 records for ^NSEI
2025-07-25 12:59:11,261 - data_manager - ERROR - Error calculating technical indicators: module 'ta.volume' has no attribute 'volume_sma'
2025-07-25 12:59:16,856 - data_manager - INFO - Database setup completed successfully
2025-07-25 12:59:17,357 - data_manager - INFO - Fetched 124 records for ^NSEI
2025-07-25 12:59:17,363 - data_manager - ERROR - Error calculating technical indicators: module 'ta.volume' has no attribute 'volume_sma'
2025-07-25 12:59:23,171 - data_manager - INFO - Database setup completed successfully
2025-07-25 12:59:23,299 - data_manager - INFO - Fetched 124 records for ^NSEI
2025-07-25 12:59:23,304 - data_manager - ERROR - Error calculating technical indicators: module 'ta.volume' has no attribute 'volume_sma'
2025-07-25 12:59:28,529 - data_manager - INFO - Database setup completed successfully
2025-07-25 12:59:28,683 - data_manager - INFO - Fetched 124 records for ^NSEI
2025-07-25 12:59:28,688 - data_manager - ERROR - Error calculating technical indicators: module 'ta.volume' has no attribute 'volume_sma'
2025-07-25 12:59:34,214 - data_manager - INFO - Database setup completed successfully
2025-07-25 12:59:34,386 - data_manager - INFO - Fetched 124 records for ^NSEI
2025-07-25 12:59:34,392 - data_manager - ERROR - Error calculating technical indicators: module 'ta.volume' has no attribute 'volume_sma'
2025-07-25 12:59:39,374 - data_manager - INFO - Database setup completed successfully
2025-07-25 12:59:39,517 - data_manager - INFO - Fetched 124 records for ^NSEI
2025-07-25 12:59:39,522 - data_manager - ERROR - Error calculating technical indicators: module 'ta.volume' has no attribute 'volume_sma'
2025-07-25 12:59:44,456 - data_manager - INFO - Database setup completed successfully
2025-07-25 12:59:44,580 - data_manager - INFO - Fetched 124 records for ^NSEI
2025-07-25 12:59:44,586 - data_manager - ERROR - Error calculating technical indicators: module 'ta.volume' has no attribute 'volume_sma'
2025-07-25 12:59:49,468 - data_manager - INFO - Database setup completed successfully
2025-07-25 12:59:49,592 - data_manager - INFO - Fetched 124 records for ^NSEI
2025-07-25 12:59:49,598 - data_manager - ERROR - Error calculating technical indicators: module 'ta.volume' has no attribute 'volume_sma'
2025-07-25 12:59:55,563 - data_manager - INFO - Database setup completed successfully
2025-07-25 12:59:55,707 - data_manager - INFO - Fetched 124 records for ^NSEI
2025-07-25 12:59:55,713 - data_manager - ERROR - Error calculating technical indicators: module 'ta.volume' has no attribute 'volume_sma'
2025-07-25 13:00:00,989 - data_manager - INFO - Database setup completed successfully
2025-07-25 13:00:01,351 - data_manager - INFO - Fetched 124 records for ^NSEI
2025-07-25 13:00:01,357 - data_manager - ERROR - Error calculating technical indicators: module 'ta.volume' has no attribute 'volume_sma'
2025-07-25 13:00:07,151 - data_manager - INFO - Database setup completed successfully
2025-07-25 13:00:07,389 - data_manager - INFO - Fetched 124 records for ^NSEI
2025-07-25 13:00:07,395 - data_manager - ERROR - Error calculating technical indicators: module 'ta.volume' has no attribute 'volume_sma'
2025-07-25 13:00:11,876 - data_manager - INFO - Database setup completed successfully
2025-07-25 13:00:11,975 - data_manager - INFO - Fetched 124 records for ^NSEI
2025-07-25 13:00:11,980 - data_manager - ERROR - Error calculating technical indicators: module 'ta.volume' has no attribute 'volume_sma'
2025-07-25 13:00:17,740 - data_manager - INFO - Database setup completed successfully
2025-07-25 13:00:17,887 - data_manager - INFO - Fetched 124 records for ^NSEI
2025-07-25 13:00:17,893 - data_manager - ERROR - Error calculating technical indicators: module 'ta.volume' has no attribute 'volume_sma'
2025-07-25 13:00:23,125 - data_manager - INFO - Database setup completed successfully
2025-07-25 13:00:23,667 - data_manager - INFO - Fetched 124 records for ^NSEI
2025-07-25 13:00:23,673 - data_manager - ERROR - Error calculating technical indicators: module 'ta.volume' has no attribute 'volume_sma'
2025-07-25 13:00:30,340 - data_manager - INFO - Database setup completed successfully
2025-07-25 13:00:30,473 - data_manager - INFO - Fetched 124 records for ^NSEI
2025-07-25 13:00:30,479 - data_manager - ERROR - Error calculating technical indicators: module 'ta.volume' has no attribute 'volume_sma'
2025-07-25 13:00:35,871 - data_manager - INFO - Database setup completed successfully
2025-07-25 13:00:36,007 - data_manager - INFO - Fetched 124 records for ^NSEI
2025-07-25 13:00:36,013 - data_manager - ERROR - Error calculating technical indicators: module 'ta.volume' has no attribute 'volume_sma'
2025-07-25 13:00:42,421 - data_manager - INFO - Database setup completed successfully
2025-07-25 13:00:42,553 - data_manager - INFO - Fetched 124 records for ^NSEI
2025-07-25 13:00:42,559 - data_manager - ERROR - Error calculating technical indicators: module 'ta.volume' has no attribute 'volume_sma'
2025-07-25 13:00:49,177 - data_manager - INFO - Database setup completed successfully
2025-07-25 13:00:49,368 - data_manager - INFO - Fetched 124 records for ^NSEI
2025-07-25 13:00:49,374 - data_manager - ERROR - Error calculating technical indicators: module 'ta.volume' has no attribute 'volume_sma'
2025-07-25 13:00:54,879 - data_manager - INFO - Database setup completed successfully
2025-07-25 13:00:55,055 - data_manager - INFO - Fetched 124 records for ^NSEI
2025-07-25 13:00:55,061 - data_manager - ERROR - Error calculating technical indicators: module 'ta.volume' has no attribute 'volume_sma'
2025-07-25 13:01:01,982 - data_manager - INFO - Database setup completed successfully
2025-07-25 13:01:02,107 - data_manager - INFO - Fetched 124 records for ^NSEI
2025-07-25 13:01:02,113 - data_manager - ERROR - Error calculating technical indicators: module 'ta.volume' has no attribute 'volume_sma'
2025-07-25 13:01:08,879 - data_manager - INFO - Database setup completed successfully
2025-07-25 13:01:09,037 - data_manager - INFO - Fetched 124 records for ^NSEI
2025-07-25 13:01:09,043 - data_manager - ERROR - Error calculating technical indicators: module 'ta.volume' has no attribute 'volume_sma'
2025-07-25 13:01:14,683 - data_manager - INFO - Database setup completed successfully
2025-07-25 13:01:14,819 - data_manager - INFO - Fetched 124 records for ^NSEI
2025-07-25 13:01:14,825 - data_manager - ERROR - Error calculating technical indicators: module 'ta.volume' has no attribute 'volume_sma'
2025-07-25 13:01:21,596 - data_manager - INFO - Database setup completed successfully
2025-07-25 13:01:21,769 - data_manager - INFO - Fetched 124 records for ^NSEI
2025-07-25 13:01:21,774 - data_manager - ERROR - Error calculating technical indicators: module 'ta.volume' has no attribute 'volume_sma'
2025-07-25 13:01:27,756 - data_manager - INFO - Database setup completed successfully
2025-07-25 13:01:27,881 - data_manager - INFO - Fetched 124 records for ^NSEI
2025-07-25 13:01:27,886 - data_manager - ERROR - Error calculating technical indicators: module 'ta.volume' has no attribute 'volume_sma'
2025-07-25 13:01:33,749 - data_manager - INFO - Database setup completed successfully
2025-07-25 13:01:33,900 - data_manager - INFO - Fetched 124 records for ^NSEI
2025-07-25 13:01:33,906 - data_manager - ERROR - Error calculating technical indicators: module 'ta.volume' has no attribute 'volume_sma'
2025-07-25 13:01:40,865 - data_manager - INFO - Database setup completed successfully
2025-07-25 13:01:40,998 - data_manager - INFO - Fetched 124 records for ^NSEI
2025-07-25 13:01:41,005 - data_manager - ERROR - Error calculating technical indicators: module 'ta.volume' has no attribute 'volume_sma'
2025-07-25 13:01:47,431 - data_manager - INFO - Database setup completed successfully
2025-07-25 13:01:47,621 - data_manager - INFO - Fetched 124 records for ^NSEI
2025-07-25 13:01:47,626 - data_manager - ERROR - Error calculating technical indicators: module 'ta.volume' has no attribute 'volume_sma'
2025-07-25 13:01:54,063 - data_manager - INFO - Database setup completed successfully
2025-07-25 13:01:54,202 - data_manager - INFO - Fetched 124 records for ^NSEI
2025-07-25 13:01:54,208 - data_manager - ERROR - Error calculating technical indicators: module 'ta.volume' has no attribute 'volume_sma'
2025-07-25 13:02:00,576 - data_manager - INFO - Database setup completed successfully
2025-07-25 13:02:00,709 - data_manager - INFO - Fetched 124 records for ^NSEI
2025-07-25 13:02:00,715 - data_manager - ERROR - Error calculating technical indicators: module 'ta.volume' has no attribute 'volume_sma'
2025-07-25 13:02:06,902 - data_manager - INFO - Database setup completed successfully
2025-07-25 13:02:07,034 - data_manager - INFO - Fetched 124 records for ^NSEI
2025-07-25 13:02:07,040 - data_manager - ERROR - Error calculating technical indicators: module 'ta.volume' has no attribute 'volume_sma'
2025-07-25 13:02:12,874 - data_manager - INFO - Database setup completed successfully
2025-07-25 13:02:13,017 - data_manager - INFO - Fetched 124 records for ^NSEI
2025-07-25 13:02:13,023 - data_manager - ERROR - Error calculating technical indicators: module 'ta.volume' has no attribute 'volume_sma'
2025-07-25 13:02:19,225 - data_manager - INFO - Database setup completed successfully
2025-07-25 13:02:19,369 - data_manager - INFO - Fetched 124 records for ^NSEI
2025-07-25 13:02:19,375 - data_manager - ERROR - Error calculating technical indicators: module 'ta.volume' has no attribute 'volume_sma'
2025-07-25 13:02:25,292 - data_manager - INFO - Database setup completed successfully
2025-07-25 13:02:25,452 - data_manager - INFO - Fetched 124 records for ^NSEI
2025-07-25 13:02:25,458 - data_manager - ERROR - Error calculating technical indicators: module 'ta.volume' has no attribute 'volume_sma'
2025-07-25 13:02:31,308 - data_manager - INFO - Database setup completed successfully
2025-07-25 13:02:31,456 - data_manager - INFO - Fetched 124 records for ^NSEI
2025-07-25 13:02:31,462 - data_manager - ERROR - Error calculating technical indicators: module 'ta.volume' has no attribute 'volume_sma'
2025-07-25 13:02:37,971 - data_manager - INFO - Database setup completed successfully
2025-07-25 13:02:38,142 - data_manager - INFO - Fetched 124 records for ^NSEI
2025-07-25 13:02:38,147 - data_manager - ERROR - Error calculating technical indicators: module 'ta.volume' has no attribute 'volume_sma'
2025-07-25 13:02:44,116 - data_manager - INFO - Database setup completed successfully
2025-07-25 13:02:44,283 - data_manager - INFO - Fetched 124 records for ^NSEI
2025-07-25 13:02:44,289 - data_manager - ERROR - Error calculating technical indicators: module 'ta.volume' has no attribute 'volume_sma'
2025-07-25 13:02:50,346 - data_manager - INFO - Database setup completed successfully
2025-07-25 13:02:50,523 - data_manager - INFO - Fetched 124 records for ^NSEI
2025-07-25 13:02:50,528 - data_manager - ERROR - Error calculating technical indicators: module 'ta.volume' has no attribute 'volume_sma'
2025-07-25 13:02:56,369 - data_manager - INFO - Database setup completed successfully
2025-07-25 13:02:56,553 - data_manager - INFO - Fetched 124 records for ^NSEI
2025-07-25 13:02:56,559 - data_manager - ERROR - Error calculating technical indicators: module 'ta.volume' has no attribute 'volume_sma'
2025-07-25 13:03:03,054 - data_manager - INFO - Database setup completed successfully
2025-07-25 13:03:03,186 - data_manager - INFO - Fetched 124 records for ^NSEI
2025-07-25 13:03:03,191 - data_manager - ERROR - Error calculating technical indicators: module 'ta.volume' has no attribute 'volume_sma'
2025-07-25 13:03:08,945 - data_manager - INFO - Database setup completed successfully
2025-07-25 13:03:09,117 - data_manager - INFO - Fetched 124 records for ^NSEI
2025-07-25 13:03:09,122 - data_manager - ERROR - Error calculating technical indicators: module 'ta.volume' has no attribute 'volume_sma'
2025-07-25 13:03:14,972 - data_manager - INFO - Database setup completed successfully
2025-07-25 13:03:15,105 - data_manager - INFO - Fetched 124 records for ^NSEI
2025-07-25 13:03:15,111 - data_manager - ERROR - Error calculating technical indicators: module 'ta.volume' has no attribute 'volume_sma'
2025-07-25 13:03:20,938 - data_manager - INFO - Database setup completed successfully
2025-07-25 13:03:21,073 - data_manager - INFO - Fetched 124 records for ^NSEI
2025-07-25 13:03:21,079 - data_manager - ERROR - Error calculating technical indicators: module 'ta.volume' has no attribute 'volume_sma'
2025-07-25 13:03:26,504 - data_manager - INFO - Database setup completed successfully
2025-07-25 13:03:26,669 - data_manager - INFO - Fetched 124 records for ^NSEI
2025-07-25 13:03:26,675 - data_manager - ERROR - Error calculating technical indicators: module 'ta.volume' has no attribute 'volume_sma'
2025-07-25 13:03:32,022 - data_manager - INFO - Database setup completed successfully
2025-07-25 13:03:32,165 - data_manager - INFO - Fetched 124 records for ^NSEI
2025-07-25 13:03:32,170 - data_manager - ERROR - Error calculating technical indicators: module 'ta.volume' has no attribute 'volume_sma'
2025-07-25 13:03:37,814 - data_manager - INFO - Database setup completed successfully
2025-07-25 13:03:37,971 - data_manager - INFO - Fetched 124 records for ^NSEI
2025-07-25 13:03:37,977 - data_manager - ERROR - Error calculating technical indicators: module 'ta.volume' has no attribute 'volume_sma'
2025-07-25 13:03:44,361 - data_manager - INFO - Database setup completed successfully
2025-07-25 13:03:44,491 - data_manager - INFO - Fetched 124 records for ^NSEI
2025-07-25 13:03:44,496 - data_manager - ERROR - Error calculating technical indicators: module 'ta.volume' has no attribute 'volume_sma'
2025-07-25 13:03:50,488 - data_manager - INFO - Database setup completed successfully
2025-07-25 13:03:50,657 - data_manager - INFO - Fetched 124 records for ^NSEI
2025-07-25 13:03:50,662 - data_manager - ERROR - Error calculating technical indicators: module 'ta.volume' has no attribute 'volume_sma'
2025-07-25 13:03:56,728 - data_manager - INFO - Database setup completed successfully
2025-07-25 13:03:56,951 - data_manager - INFO - Fetched 124 records for ^NSEI
2025-07-25 13:03:56,957 - data_manager - ERROR - Error calculating technical indicators: module 'ta.volume' has no attribute 'volume_sma'
2025-07-25 13:04:03,457 - data_manager - INFO - Database setup completed successfully
2025-07-25 13:04:03,640 - data_manager - INFO - Fetched 124 records for ^NSEI
2025-07-25 13:04:03,646 - data_manager - ERROR - Error calculating technical indicators: module 'ta.volume' has no attribute 'volume_sma'
2025-07-25 13:04:10,186 - data_manager - INFO - Database setup completed successfully
2025-07-25 13:04:10,356 - data_manager - INFO - Fetched 124 records for ^NSEI
2025-07-25 13:04:10,362 - data_manager - ERROR - Error calculating technical indicators: module 'ta.volume' has no attribute 'volume_sma'
2025-07-25 13:04:16,895 - data_manager - INFO - Database setup completed successfully
2025-07-25 13:04:17,021 - data_manager - INFO - Fetched 124 records for ^NSEI
2025-07-25 13:04:17,026 - data_manager - ERROR - Error calculating technical indicators: module 'ta.volume' has no attribute 'volume_sma'
2025-07-25 13:04:22,796 - data_manager - INFO - Database setup completed successfully
2025-07-25 13:04:22,933 - data_manager - INFO - Fetched 124 records for ^NSEI
2025-07-25 13:04:22,938 - data_manager - ERROR - Error calculating technical indicators: module 'ta.volume' has no attribute 'volume_sma'
2025-07-25 13:04:28,901 - data_manager - INFO - Database setup completed successfully
2025-07-25 13:04:29,061 - data_manager - INFO - Fetched 124 records for ^NSEI
2025-07-25 13:04:29,067 - data_manager - ERROR - Error calculating technical indicators: module 'ta.volume' has no attribute 'volume_sma'
2025-07-25 13:04:34,972 - data_manager - INFO - Database setup completed successfully
2025-07-25 13:04:35,103 - data_manager - INFO - Fetched 124 records for ^NSEI
2025-07-25 13:04:35,109 - data_manager - ERROR - Error calculating technical indicators: module 'ta.volume' has no attribute 'volume_sma'
2025-07-25 13:04:41,274 - data_manager - INFO - Database setup completed successfully
2025-07-25 13:04:41,399 - data_manager - INFO - Fetched 124 records for ^NSEI
2025-07-25 13:04:41,405 - data_manager - ERROR - Error calculating technical indicators: module 'ta.volume' has no attribute 'volume_sma'
2025-07-25 13:04:47,339 - data_manager - INFO - Database setup completed successfully
2025-07-25 13:04:47,476 - data_manager - INFO - Fetched 124 records for ^NSEI
2025-07-25 13:04:47,482 - data_manager - ERROR - Error calculating technical indicators: module 'ta.volume' has no attribute 'volume_sma'
2025-07-25 13:04:53,247 - data_manager - INFO - Database setup completed successfully
2025-07-25 13:04:53,419 - data_manager - INFO - Fetched 124 records for ^NSEI
2025-07-25 13:04:53,424 - data_manager - ERROR - Error calculating technical indicators: module 'ta.volume' has no attribute 'volume_sma'
2025-07-25 13:04:59,839 - data_manager - INFO - Database setup completed successfully
2025-07-25 13:04:59,994 - data_manager - INFO - Fetched 124 records for ^NSEI
2025-07-25 13:05:00,002 - data_manager - ERROR - Error calculating technical indicators: module 'ta.volume' has no attribute 'volume_sma'
2025-07-25 13:05:05,533 - data_manager - INFO - Database setup completed successfully
2025-07-25 13:05:05,666 - data_manager - INFO - Fetched 124 records for ^NSEI
2025-07-25 13:05:05,671 - data_manager - ERROR - Error calculating technical indicators: module 'ta.volume' has no attribute 'volume_sma'
2025-07-25 13:05:11,588 - data_manager - INFO - Database setup completed successfully
2025-07-25 13:05:11,830 - data_manager - INFO - Fetched 124 records for ^NSEI
2025-07-25 13:05:11,835 - data_manager - ERROR - Error calculating technical indicators: module 'ta.volume' has no attribute 'volume_sma'
2025-07-25 13:05:17,770 - data_manager - INFO - Database setup completed successfully
2025-07-25 13:05:18,119 - data_manager - INFO - Fetched 124 records for ^NSEI
2025-07-25 13:05:18,125 - data_manager - ERROR - Error calculating technical indicators: module 'ta.volume' has no attribute 'volume_sma'
2025-07-25 13:05:24,165 - data_manager - INFO - Database setup completed successfully
2025-07-25 13:05:24,303 - data_manager - INFO - Fetched 124 records for ^NSEI
2025-07-25 13:05:24,308 - data_manager - ERROR - Error calculating technical indicators: module 'ta.volume' has no attribute 'volume_sma'
2025-07-25 13:05:31,041 - data_manager - INFO - Database setup completed successfully
2025-07-25 13:05:31,204 - data_manager - INFO - Fetched 124 records for ^NSEI
2025-07-25 13:05:31,210 - data_manager - ERROR - Error calculating technical indicators: module 'ta.volume' has no attribute 'volume_sma'
2025-07-25 13:05:37,303 - data_manager - INFO - Database setup completed successfully
2025-07-25 13:05:37,453 - data_manager - INFO - Fetched 124 records for ^NSEI
2025-07-25 13:05:37,459 - data_manager - ERROR - Error calculating technical indicators: module 'ta.volume' has no attribute 'volume_sma'
2025-07-25 13:05:43,458 - data_manager - INFO - Database setup completed successfully
2025-07-25 13:05:43,623 - data_manager - INFO - Fetched 124 records for ^NSEI
2025-07-25 13:05:43,629 - data_manager - ERROR - Error calculating technical indicators: module 'ta.volume' has no attribute 'volume_sma'
2025-07-25 13:05:49,442 - data_manager - INFO - Database setup completed successfully
2025-07-25 13:05:49,612 - data_manager - INFO - Fetched 124 records for ^NSEI
2025-07-25 13:05:49,618 - data_manager - ERROR - Error calculating technical indicators: module 'ta.volume' has no attribute 'volume_sma'
2025-07-25 13:05:56,330 - data_manager - INFO - Database setup completed successfully
2025-07-25 13:05:56,461 - data_manager - INFO - Fetched 124 records for ^NSEI
2025-07-25 13:05:56,466 - data_manager - ERROR - Error calculating technical indicators: module 'ta.volume' has no attribute 'volume_sma'
2025-07-25 13:06:03,161 - data_manager - INFO - Database setup completed successfully
2025-07-25 13:06:03,293 - data_manager - INFO - Fetched 124 records for ^NSEI
2025-07-25 13:06:03,298 - data_manager - ERROR - Error calculating technical indicators: module 'ta.volume' has no attribute 'volume_sma'
2025-07-25 13:06:09,037 - data_manager - INFO - Database setup completed successfully
2025-07-25 13:06:09,177 - data_manager - INFO - Fetched 124 records for ^NSEI
2025-07-25 13:06:09,182 - data_manager - ERROR - Error calculating technical indicators: module 'ta.volume' has no attribute 'volume_sma'
2025-07-25 13:06:15,592 - data_manager - INFO - Database setup completed successfully
2025-07-25 13:06:15,726 - data_manager - INFO - Fetched 124 records for ^NSEI
2025-07-25 13:06:15,732 - data_manager - ERROR - Error calculating technical indicators: module 'ta.volume' has no attribute 'volume_sma'
2025-07-25 13:06:22,188 - data_manager - INFO - Database setup completed successfully
2025-07-25 13:06:22,315 - data_manager - INFO - Fetched 124 records for ^NSEI
2025-07-25 13:06:22,320 - data_manager - ERROR - Error calculating technical indicators: module 'ta.volume' has no attribute 'volume_sma'
2025-07-25 13:06:28,987 - data_manager - INFO - Database setup completed successfully
2025-07-25 13:06:29,125 - data_manager - INFO - Fetched 124 records for ^NSEI
2025-07-25 13:06:29,130 - data_manager - ERROR - Error calculating technical indicators: module 'ta.volume' has no attribute 'volume_sma'
2025-07-25 13:06:35,571 - data_manager - INFO - Database setup completed successfully
2025-07-25 13:06:35,718 - data_manager - INFO - Fetched 124 records for ^NSEI
2025-07-25 13:06:35,724 - data_manager - ERROR - Error calculating technical indicators: module 'ta.volume' has no attribute 'volume_sma'
2025-07-25 13:06:41,933 - data_manager - INFO - Database setup completed successfully
2025-07-25 13:06:42,104 - data_manager - INFO - Fetched 124 records for ^NSEI
2025-07-25 13:06:42,109 - data_manager - ERROR - Error calculating technical indicators: module 'ta.volume' has no attribute 'volume_sma'
2025-07-25 13:06:47,816 - data_manager - INFO - Database setup completed successfully
2025-07-25 13:06:47,942 - data_manager - INFO - Fetched 124 records for ^NSEI
2025-07-25 13:06:47,947 - data_manager - ERROR - Error calculating technical indicators: module 'ta.volume' has no attribute 'volume_sma'
2025-07-25 13:06:54,388 - data_manager - INFO - Database setup completed successfully
2025-07-25 13:06:54,527 - data_manager - INFO - Fetched 124 records for ^NSEI
2025-07-25 13:06:54,533 - data_manager - ERROR - Error calculating technical indicators: module 'ta.volume' has no attribute 'volume_sma'
2025-07-25 13:07:00,624 - data_manager - INFO - Database setup completed successfully
2025-07-25 13:07:00,865 - data_manager - INFO - Fetched 124 records for ^NSEI
2025-07-25 13:07:00,871 - data_manager - ERROR - Error calculating technical indicators: module 'ta.volume' has no attribute 'volume_sma'
2025-07-25 13:07:06,947 - data_manager - INFO - Database setup completed successfully
2025-07-25 13:07:07,078 - data_manager - INFO - Fetched 124 records for ^NSEI
2025-07-25 13:07:07,084 - data_manager - ERROR - Error calculating technical indicators: module 'ta.volume' has no attribute 'volume_sma'
2025-07-25 13:07:12,967 - data_manager - INFO - Database setup completed successfully
2025-07-25 13:07:13,103 - data_manager - INFO - Fetched 124 records for ^NSEI
2025-07-25 13:07:13,110 - data_manager - ERROR - Error calculating technical indicators: module 'ta.volume' has no attribute 'volume_sma'
2025-07-25 13:07:19,657 - data_manager - INFO - Database setup completed successfully
2025-07-25 13:07:19,801 - data_manager - INFO - Fetched 124 records for ^NSEI
2025-07-25 13:07:19,806 - data_manager - ERROR - Error calculating technical indicators: module 'ta.volume' has no attribute 'volume_sma'
2025-07-25 13:07:25,234 - data_manager - INFO - Database setup completed successfully
2025-07-25 13:07:25,377 - data_manager - INFO - Fetched 124 records for ^NSEI
2025-07-25 13:07:25,382 - data_manager - ERROR - Error calculating technical indicators: module 'ta.volume' has no attribute 'volume_sma'
2025-07-25 13:07:31,118 - data_manager - INFO - Database setup completed successfully
2025-07-25 13:07:31,260 - data_manager - INFO - Fetched 124 records for ^NSEI
2025-07-25 13:07:31,266 - data_manager - ERROR - Error calculating technical indicators: module 'ta.volume' has no attribute 'volume_sma'
2025-07-25 13:07:36,699 - data_manager - INFO - Database setup completed successfully
2025-07-25 13:07:36,819 - data_manager - INFO - Fetched 124 records for ^NSEI
2025-07-25 13:07:36,825 - data_manager - ERROR - Error calculating technical indicators: module 'ta.volume' has no attribute 'volume_sma'
2025-07-25 13:07:42,739 - data_manager - INFO - Database setup completed successfully
2025-07-25 13:07:42,876 - data_manager - INFO - Fetched 124 records for ^NSEI
2025-07-25 13:07:42,883 - data_manager - ERROR - Error calculating technical indicators: module 'ta.volume' has no attribute 'volume_sma'
2025-07-25 13:07:49,312 - data_manager - INFO - Database setup completed successfully
2025-07-25 13:07:49,436 - data_manager - INFO - Fetched 124 records for ^NSEI
2025-07-25 13:07:49,442 - data_manager - ERROR - Error calculating technical indicators: module 'ta.volume' has no attribute 'volume_sma'
2025-07-25 13:07:54,925 - data_manager - INFO - Database setup completed successfully
2025-07-25 13:07:55,105 - data_manager - INFO - Fetched 124 records for ^NSEI
2025-07-25 13:07:55,111 - data_manager - ERROR - Error calculating technical indicators: module 'ta.volume' has no attribute 'volume_sma'
2025-07-25 13:08:01,338 - data_manager - INFO - Database setup completed successfully
2025-07-25 13:08:01,473 - data_manager - INFO - Fetched 124 records for ^NSEI
2025-07-25 13:08:01,479 - data_manager - ERROR - Error calculating technical indicators: module 'ta.volume' has no attribute 'volume_sma'
2025-07-25 13:08:06,899 - data_manager - INFO - Database setup completed successfully
2025-07-25 13:08:07,035 - data_manager - INFO - Fetched 124 records for ^NSEI
2025-07-25 13:08:07,040 - data_manager - ERROR - Error calculating technical indicators: module 'ta.volume' has no attribute 'volume_sma'
2025-07-25 13:08:12,928 - data_manager - INFO - Database setup completed successfully
2025-07-25 13:08:13,063 - data_manager - INFO - Fetched 124 records for ^NSEI
2025-07-25 13:08:13,068 - data_manager - ERROR - Error calculating technical indicators: module 'ta.volume' has no attribute 'volume_sma'
2025-07-25 13:08:18,790 - data_manager - INFO - Database setup completed successfully
2025-07-25 13:08:18,944 - data_manager - INFO - Fetched 124 records for ^NSEI
2025-07-25 13:08:18,950 - data_manager - ERROR - Error calculating technical indicators: module 'ta.volume' has no attribute 'volume_sma'
2025-07-25 13:08:27,700 - data_manager - INFO - Database setup completed successfully
2025-07-25 13:08:27,839 - data_manager - INFO - Fetched 124 records for ^NSEI
2025-07-25 13:08:27,845 - data_manager - ERROR - Error calculating technical indicators: module 'ta.volume' has no attribute 'volume_sma'
2025-07-25 13:08:34,137 - data_manager - INFO - Database setup completed successfully
2025-07-25 13:08:34,263 - data_manager - INFO - Fetched 124 records for ^NSEI
2025-07-25 13:08:34,269 - data_manager - ERROR - Error calculating technical indicators: module 'ta.volume' has no attribute 'volume_sma'
2025-07-25 13:08:41,141 - data_manager - INFO - Database setup completed successfully
2025-07-25 13:08:41,298 - data_manager - INFO - Fetched 124 records for ^NSEI
2025-07-25 13:08:41,303 - data_manager - ERROR - Error calculating technical indicators: module 'ta.volume' has no attribute 'volume_sma'
2025-07-25 13:08:47,037 - data_manager - INFO - Database setup completed successfully
2025-07-25 13:08:47,171 - data_manager - INFO - Fetched 124 records for ^NSEI
2025-07-25 13:08:47,176 - data_manager - ERROR - Error calculating technical indicators: module 'ta.volume' has no attribute 'volume_sma'
2025-07-25 13:08:52,972 - data_manager - INFO - Database setup completed successfully
2025-07-25 13:09:03,102 - yfinance - ERROR - $^NSEI: possibly delisted; no price data found  (period=6mo)
2025-07-25 13:09:03,102 - data_manager - WARNING - No data fetched for ^NSEI
2025-07-25 13:09:03,103 - data_manager - INFO - Database setup completed successfully
2025-07-25 13:09:03,105 - backtester - WARNING - No data available for ^NSEI between 2020-01-01 and 2023-12-31
2025-07-25 13:09:03,106 - backtester - WARNING - No data available for ^NSEI between 2020-01-01 and 2023-12-31
2025-07-25 13:09:03,107 - backtester - WARNING - No data available for ^NSEI between 2020-01-01 and 2023-12-31
2025-07-25 13:09:03,109 - backtester - WARNING - No data available for ^NSEI between 2020-01-01 and 2023-12-31
2025-07-25 13:09:03,109 - risk_manager - INFO - Risk Manager initialized
2025-07-25 13:09:03,109 - risk_manager - INFO - Calculated position size: 5 shares
2025-07-25 13:09:03,109 - risk_manager - WARNING - Cannot open position for ^NSEI: Position size exceeds maximum allowed (100000)
2025-07-25 13:09:03,109 - risk_manager - WARNING - Cannot open position for ^NSEBANK: Position size exceeds maximum allowed (100000)
2025-07-25 13:09:03,109 - risk_manager - WARNING - Cannot open position for ^CNXIT: Position size exceeds maximum allowed (100000)
2025-07-25 13:09:03,110 - data_manager - INFO - Database setup completed successfully
2025-07-25 13:09:03,110 - risk_manager - INFO - Risk Manager initialized
2025-07-25 13:09:03,110 - data_manager - INFO - Database setup completed successfully
2025-07-25 13:09:03,110 - trading_bot - INFO - Trading Bot initialized with strategy: combined
2025-07-25 13:09:03,111 - backtester - WARNING - No data available for ^NSEI between 2025-06-25 and 2025-07-25
2025-07-25 13:09:03,111 - trading_bot - WARNING - Backtest returned no results
2025-07-25 13:09:03,111 - trading_bot - INFO - Updating market data...
2025-07-25 13:09:03,115 - trading_bot - INFO - Market data updated at 2025-07-25 13:09:03.115195
2025-07-25 13:09:03,115 - trading_bot - INFO - Executing trading strategy...
2025-07-25 13:09:03,116 - trading_bot - WARNING - No data available for ^NSEI
2025-07-25 13:09:03,117 - trading_bot - WARNING - No data available for ^NSEBANK
2025-07-25 13:09:03,118 - trading_bot - WARNING - No data available for ^CNXIT
2025-07-25 13:09:03,119 - trading_bot - WARNING - No data available for ^CNXFMCG
2025-07-25 13:09:03,119 - trading_bot - INFO - Strategy execution completed
2025-07-25 13:09:03,119 - data_manager - INFO - Database setup completed successfully
2025-07-25 13:09:09,210 - data_manager - INFO - Database setup completed successfully
2025-07-25 13:09:09,383 - data_manager - INFO - Fetched 124 records for ^NSEI
2025-07-25 13:09:09,389 - data_manager - ERROR - Error calculating technical indicators: module 'ta.volume' has no attribute 'volume_sma'
2025-07-25 13:09:15,720 - data_manager - INFO - Database setup completed successfully
2025-07-25 13:09:15,860 - data_manager - INFO - Fetched 124 records for ^NSEI
2025-07-25 13:09:15,866 - data_manager - ERROR - Error calculating technical indicators: module 'ta.volume' has no attribute 'volume_sma'
2025-07-25 13:09:21,980 - data_manager - INFO - Database setup completed successfully
2025-07-25 13:09:22,190 - data_manager - INFO - Fetched 124 records for ^NSEI
2025-07-25 13:09:22,195 - data_manager - ERROR - Error calculating technical indicators: module 'ta.volume' has no attribute 'volume_sma'
2025-07-25 13:09:27,789 - data_manager - INFO - Database setup completed successfully
2025-07-25 13:09:27,954 - data_manager - INFO - Fetched 124 records for ^NSEI
2025-07-25 13:09:27,959 - data_manager - ERROR - Error calculating technical indicators: module 'ta.volume' has no attribute 'volume_sma'
2025-07-25 13:09:33,877 - data_manager - INFO - Database setup completed successfully
2025-07-25 13:09:34,045 - data_manager - INFO - Fetched 124 records for ^NSEI
2025-07-25 13:09:34,051 - data_manager - ERROR - Error calculating technical indicators: module 'ta.volume' has no attribute 'volume_sma'
2025-07-25 13:09:40,322 - data_manager - INFO - Database setup completed successfully
2025-07-25 13:09:40,499 - data_manager - INFO - Fetched 124 records for ^NSEI
2025-07-25 13:09:40,504 - data_manager - ERROR - Error calculating technical indicators: module 'ta.volume' has no attribute 'volume_sma'
2025-07-25 13:09:46,371 - data_manager - INFO - Database setup completed successfully
2025-07-25 13:09:46,508 - data_manager - INFO - Fetched 124 records for ^NSEI
2025-07-25 13:09:46,513 - data_manager - ERROR - Error calculating technical indicators: module 'ta.volume' has no attribute 'volume_sma'
2025-07-25 13:09:52,543 - data_manager - INFO - Database setup completed successfully
2025-07-25 13:09:52,674 - data_manager - INFO - Fetched 124 records for ^NSEI
2025-07-25 13:09:52,679 - data_manager - ERROR - Error calculating technical indicators: module 'ta.volume' has no attribute 'volume_sma'
2025-07-25 13:09:59,190 - data_manager - INFO - Database setup completed successfully
2025-07-25 13:09:59,317 - data_manager - INFO - Fetched 124 records for ^NSEI
2025-07-25 13:09:59,322 - data_manager - ERROR - Error calculating technical indicators: module 'ta.volume' has no attribute 'volume_sma'
2025-07-25 13:10:05,081 - data_manager - INFO - Database setup completed successfully
2025-07-25 13:10:05,236 - data_manager - INFO - Fetched 124 records for ^NSEI
2025-07-25 13:10:05,242 - data_manager - ERROR - Error calculating technical indicators: module 'ta.volume' has no attribute 'volume_sma'
2025-07-25 13:10:11,234 - data_manager - INFO - Database setup completed successfully
2025-07-25 13:10:11,990 - data_manager - INFO - Fetched 124 records for ^NSEI
2025-07-25 13:10:11,996 - data_manager - ERROR - Error calculating technical indicators: module 'ta.volume' has no attribute 'volume_sma'
2025-07-25 13:10:18,320 - data_manager - INFO - Database setup completed successfully
2025-07-25 13:10:18,496 - data_manager - INFO - Fetched 124 records for ^NSEI
2025-07-25 13:10:18,502 - data_manager - ERROR - Error calculating technical indicators: module 'ta.volume' has no attribute 'volume_sma'
2025-07-25 13:10:25,621 - data_manager - INFO - Database setup completed successfully
2025-07-25 13:10:28,860 - data_manager - INFO - Fetched 124 records for ^NSEI
2025-07-25 13:10:28,866 - data_manager - ERROR - Error calculating technical indicators: module 'ta.volume' has no attribute 'volume_sma'
2025-07-25 13:10:34,989 - data_manager - INFO - Database setup completed successfully
2025-07-25 13:10:35,131 - data_manager - INFO - Fetched 124 records for ^NSEI
2025-07-25 13:10:35,136 - data_manager - ERROR - Error calculating technical indicators: module 'ta.volume' has no attribute 'volume_sma'
2025-07-25 13:10:41,272 - data_manager - INFO - Database setup completed successfully
2025-07-25 13:10:41,407 - data_manager - INFO - Fetched 124 records for ^NSEI
2025-07-25 13:10:41,412 - data_manager - ERROR - Error calculating technical indicators: module 'ta.volume' has no attribute 'volume_sma'
2025-07-25 13:10:48,252 - data_manager - INFO - Database setup completed successfully
2025-07-25 13:10:48,382 - data_manager - INFO - Fetched 124 records for ^NSEI
2025-07-25 13:10:48,387 - data_manager - ERROR - Error calculating technical indicators: module 'ta.volume' has no attribute 'volume_sma'
2025-07-25 13:10:54,027 - data_manager - INFO - Database setup completed successfully
2025-07-25 13:10:54,192 - data_manager - INFO - Fetched 124 records for ^NSEI
2025-07-25 13:10:54,197 - data_manager - ERROR - Error calculating technical indicators: module 'ta.volume' has no attribute 'volume_sma'
2025-07-25 13:11:01,652 - data_manager - INFO - Database setup completed successfully
2025-07-25 13:11:01,800 - data_manager - INFO - Fetched 124 records for ^NSEI
2025-07-25 13:11:01,805 - data_manager - ERROR - Error calculating technical indicators: module 'ta.volume' has no attribute 'volume_sma'
2025-07-25 13:11:07,854 - data_manager - INFO - Database setup completed successfully
2025-07-25 13:11:07,983 - data_manager - INFO - Fetched 124 records for ^NSEI
2025-07-25 13:11:07,988 - data_manager - ERROR - Error calculating technical indicators: module 'ta.volume' has no attribute 'volume_sma'
2025-07-25 13:11:13,763 - data_manager - INFO - Database setup completed successfully
2025-07-25 13:11:13,892 - data_manager - INFO - Fetched 124 records for ^NSEI
2025-07-25 13:11:13,897 - data_manager - ERROR - Error calculating technical indicators: module 'ta.volume' has no attribute 'volume_sma'
2025-07-25 13:11:19,668 - data_manager - INFO - Database setup completed successfully
2025-07-25 13:11:19,801 - data_manager - INFO - Fetched 124 records for ^NSEI
2025-07-25 13:11:19,806 - data_manager - ERROR - Error calculating technical indicators: module 'ta.volume' has no attribute 'volume_sma'
2025-07-25 13:11:26,226 - data_manager - INFO - Database setup completed successfully
2025-07-25 13:11:26,410 - data_manager - INFO - Fetched 124 records for ^NSEI
2025-07-25 13:11:26,415 - data_manager - ERROR - Error calculating technical indicators: module 'ta.volume' has no attribute 'volume_sma'
2025-07-25 13:11:32,598 - data_manager - INFO - Database setup completed successfully
2025-07-25 13:11:32,722 - data_manager - INFO - Fetched 124 records for ^NSEI
2025-07-25 13:11:32,728 - data_manager - ERROR - Error calculating technical indicators: module 'ta.volume' has no attribute 'volume_sma'
2025-07-25 13:11:39,710 - data_manager - INFO - Database setup completed successfully
2025-07-25 13:11:39,863 - data_manager - INFO - Fetched 124 records for ^NSEI
2025-07-25 13:11:39,868 - data_manager - ERROR - Error calculating technical indicators: module 'ta.volume' has no attribute 'volume_sma'
2025-07-25 13:11:46,112 - data_manager - INFO - Database setup completed successfully
2025-07-25 13:11:46,220 - data_manager - INFO - Fetched 124 records for ^NSEI
2025-07-25 13:11:46,226 - data_manager - ERROR - Error calculating technical indicators: module 'ta.volume' has no attribute 'volume_sma'
2025-07-25 13:11:52,144 - data_manager - INFO - Database setup completed successfully
2025-07-25 13:11:52,284 - data_manager - INFO - Fetched 124 records for ^NSEI
2025-07-25 13:11:52,290 - data_manager - ERROR - Error calculating technical indicators: module 'ta.volume' has no attribute 'volume_sma'
2025-07-25 13:11:58,314 - data_manager - INFO - Database setup completed successfully
2025-07-25 13:11:58,441 - data_manager - INFO - Fetched 124 records for ^NSEI
2025-07-25 13:11:58,446 - data_manager - ERROR - Error calculating technical indicators: module 'ta.volume' has no attribute 'volume_sma'
2025-07-25 13:12:04,683 - data_manager - INFO - Database setup completed successfully
2025-07-25 13:12:04,838 - data_manager - INFO - Fetched 124 records for ^NSEI
2025-07-25 13:12:04,843 - data_manager - ERROR - Error calculating technical indicators: module 'ta.volume' has no attribute 'volume_sma'
2025-07-25 13:12:10,920 - data_manager - INFO - Database setup completed successfully
2025-07-25 13:12:11,054 - data_manager - INFO - Fetched 124 records for ^NSEI
2025-07-25 13:12:11,060 - data_manager - ERROR - Error calculating technical indicators: module 'ta.volume' has no attribute 'volume_sma'
2025-07-25 13:12:17,431 - data_manager - INFO - Database setup completed successfully
2025-07-25 13:12:19,866 - data_manager - INFO - Fetched 124 records for ^NSEI
2025-07-25 13:12:19,871 - data_manager - ERROR - Error calculating technical indicators: module 'ta.volume' has no attribute 'volume_sma'
2025-07-25 13:12:26,065 - data_manager - INFO - Database setup completed successfully
2025-07-25 13:12:26,261 - data_manager - INFO - Fetched 124 records for ^NSEI
2025-07-25 13:12:26,266 - data_manager - ERROR - Error calculating technical indicators: module 'ta.volume' has no attribute 'volume_sma'
2025-07-25 13:12:32,113 - data_manager - INFO - Database setup completed successfully
2025-07-25 13:12:32,246 - data_manager - INFO - Fetched 124 records for ^NSEI
2025-07-25 13:12:32,251 - data_manager - ERROR - Error calculating technical indicators: module 'ta.volume' has no attribute 'volume_sma'
2025-07-25 13:12:39,366 - data_manager - INFO - Database setup completed successfully
2025-07-25 13:12:39,503 - data_manager - INFO - Fetched 124 records for ^NSEI
2025-07-25 13:12:39,508 - data_manager - ERROR - Error calculating technical indicators: module 'ta.volume' has no attribute 'volume_sma'
2025-07-25 13:12:45,547 - data_manager - INFO - Database setup completed successfully
2025-07-25 13:12:45,727 - data_manager - INFO - Fetched 124 records for ^NSEI
2025-07-25 13:12:45,733 - data_manager - ERROR - Error calculating technical indicators: module 'ta.volume' has no attribute 'volume_sma'
2025-07-25 13:12:52,060 - data_manager - INFO - Database setup completed successfully
2025-07-25 13:12:52,229 - data_manager - INFO - Fetched 124 records for ^NSEI
2025-07-25 13:12:52,234 - data_manager - ERROR - Error calculating technical indicators: module 'ta.volume' has no attribute 'volume_sma'
2025-07-25 13:12:57,656 - data_manager - INFO - Database setup completed successfully
2025-07-25 13:12:57,793 - data_manager - INFO - Fetched 124 records for ^NSEI
2025-07-25 13:12:57,799 - data_manager - ERROR - Error calculating technical indicators: module 'ta.volume' has no attribute 'volume_sma'
2025-07-25 13:13:04,106 - data_manager - INFO - Database setup completed successfully
2025-07-25 13:13:04,337 - data_manager - INFO - Fetched 124 records for ^NSEI
2025-07-25 13:13:04,342 - data_manager - ERROR - Error calculating technical indicators: module 'ta.volume' has no attribute 'volume_sma'
2025-07-25 13:13:10,366 - data_manager - INFO - Database setup completed successfully
2025-07-25 13:13:10,538 - data_manager - INFO - Fetched 124 records for ^NSEI
2025-07-25 13:13:10,546 - data_manager - ERROR - Error calculating technical indicators: module 'ta.volume' has no attribute 'volume_sma'
2025-07-25 13:13:17,438 - data_manager - INFO - Database setup completed successfully
2025-07-25 13:13:17,589 - data_manager - INFO - Fetched 124 records for ^NSEI
2025-07-25 13:13:17,595 - data_manager - ERROR - Error calculating technical indicators: module 'ta.volume' has no attribute 'volume_sma'
2025-07-25 13:13:22,983 - data_manager - INFO - Database setup completed successfully
2025-07-25 13:13:24,368 - data_manager - INFO - Fetched 124 records for ^NSEI
2025-07-25 13:13:24,373 - data_manager - ERROR - Error calculating technical indicators: module 'ta.volume' has no attribute 'volume_sma'
2025-07-25 13:13:30,255 - data_manager - INFO - Database setup completed successfully
2025-07-25 13:13:30,445 - data_manager - INFO - Fetched 124 records for ^NSEI
2025-07-25 13:13:30,451 - data_manager - ERROR - Error calculating technical indicators: module 'ta.volume' has no attribute 'volume_sma'
2025-07-25 13:13:36,678 - data_manager - INFO - Database setup completed successfully
2025-07-25 13:13:36,810 - data_manager - INFO - Fetched 124 records for ^NSEI
2025-07-25 13:13:36,815 - data_manager - ERROR - Error calculating technical indicators: module 'ta.volume' has no attribute 'volume_sma'
2025-07-25 13:13:42,722 - data_manager - INFO - Database setup completed successfully
2025-07-25 13:13:42,845 - data_manager - INFO - Fetched 124 records for ^NSEI
2025-07-25 13:13:42,851 - data_manager - ERROR - Error calculating technical indicators: module 'ta.volume' has no attribute 'volume_sma'
2025-07-25 13:13:48,283 - data_manager - INFO - Database setup completed successfully
2025-07-25 13:13:48,421 - data_manager - INFO - Fetched 124 records for ^NSEI
2025-07-25 13:13:48,426 - data_manager - ERROR - Error calculating technical indicators: module 'ta.volume' has no attribute 'volume_sma'
2025-07-25 13:13:54,622 - data_manager - INFO - Database setup completed successfully
2025-07-25 13:13:54,769 - data_manager - INFO - Fetched 124 records for ^NSEI
2025-07-25 13:13:54,775 - data_manager - ERROR - Error calculating technical indicators: module 'ta.volume' has no attribute 'volume_sma'
2025-07-25 13:14:00,910 - data_manager - INFO - Database setup completed successfully
2025-07-25 13:14:01,046 - data_manager - INFO - Fetched 124 records for ^NSEI
2025-07-25 13:14:01,052 - data_manager - ERROR - Error calculating technical indicators: module 'ta.volume' has no attribute 'volume_sma'
2025-07-25 13:14:07,555 - data_manager - INFO - Database setup completed successfully
2025-07-25 13:14:07,688 - data_manager - INFO - Fetched 124 records for ^NSEI
2025-07-25 13:14:07,694 - data_manager - ERROR - Error calculating technical indicators: module 'ta.volume' has no attribute 'volume_sma'
2025-07-25 13:14:13,541 - data_manager - INFO - Database setup completed successfully
2025-07-25 13:14:13,679 - data_manager - INFO - Fetched 124 records for ^NSEI
2025-07-25 13:14:13,684 - data_manager - ERROR - Error calculating technical indicators: module 'ta.volume' has no attribute 'volume_sma'
2025-07-25 13:14:21,796 - data_manager - INFO - Database setup completed successfully
2025-07-25 13:14:21,960 - data_manager - INFO - Fetched 124 records for ^NSEI
2025-07-25 13:14:21,967 - data_manager - ERROR - Error calculating technical indicators: module 'ta.volume' has no attribute 'volume_sma'
2025-07-25 13:14:27,726 - data_manager - INFO - Database setup completed successfully
2025-07-25 13:14:27,885 - data_manager - INFO - Fetched 124 records for ^NSEI
2025-07-25 13:14:27,890 - data_manager - ERROR - Error calculating technical indicators: module 'ta.volume' has no attribute 'volume_sma'
2025-07-25 13:14:33,705 - data_manager - INFO - Database setup completed successfully
2025-07-25 13:14:33,834 - data_manager - INFO - Fetched 124 records for ^NSEI
2025-07-25 13:14:33,839 - data_manager - ERROR - Error calculating technical indicators: module 'ta.volume' has no attribute 'volume_sma'
2025-07-25 13:14:39,542 - data_manager - INFO - Database setup completed successfully
2025-07-25 13:14:39,716 - data_manager - INFO - Fetched 124 records for ^NSEI
2025-07-25 13:14:39,722 - data_manager - ERROR - Error calculating technical indicators: module 'ta.volume' has no attribute 'volume_sma'
2025-07-25 13:14:46,489 - data_manager - INFO - Database setup completed successfully
2025-07-25 13:14:46,613 - data_manager - INFO - Fetched 124 records for ^NSEI
2025-07-25 13:14:46,618 - data_manager - ERROR - Error calculating technical indicators: module 'ta.volume' has no attribute 'volume_sma'
2025-07-25 13:14:52,376 - data_manager - INFO - Database setup completed successfully
2025-07-25 13:14:52,551 - data_manager - INFO - Fetched 124 records for ^NSEI
2025-07-25 13:14:52,557 - data_manager - ERROR - Error calculating technical indicators: module 'ta.volume' has no attribute 'volume_sma'
2025-07-25 13:14:58,174 - data_manager - INFO - Database setup completed successfully
2025-07-25 13:14:58,336 - data_manager - INFO - Fetched 124 records for ^NSEI
2025-07-25 13:14:58,342 - data_manager - ERROR - Error calculating technical indicators: module 'ta.volume' has no attribute 'volume_sma'
2025-07-25 13:15:04,684 - data_manager - INFO - Database setup completed successfully
2025-07-25 13:15:04,862 - data_manager - INFO - Fetched 124 records for ^NSEI
2025-07-25 13:15:04,867 - data_manager - ERROR - Error calculating technical indicators: module 'ta.volume' has no attribute 'volume_sma'
2025-07-25 13:15:12,106 - data_manager - INFO - Database setup completed successfully
2025-07-25 13:15:12,242 - data_manager - INFO - Fetched 124 records for ^NSEI
2025-07-25 13:15:12,248 - data_manager - ERROR - Error calculating technical indicators: module 'ta.volume' has no attribute 'volume_sma'
2025-07-25 13:15:18,137 - data_manager - INFO - Database setup completed successfully
2025-07-25 13:15:18,304 - data_manager - INFO - Fetched 124 records for ^NSEI
2025-07-25 13:15:18,310 - data_manager - ERROR - Error calculating technical indicators: module 'ta.volume' has no attribute 'volume_sma'
2025-07-25 13:15:24,085 - data_manager - INFO - Database setup completed successfully
2025-07-25 13:15:24,217 - data_manager - INFO - Fetched 124 records for ^NSEI
2025-07-25 13:15:24,223 - data_manager - ERROR - Error calculating technical indicators: module 'ta.volume' has no attribute 'volume_sma'
2025-07-25 13:15:29,248 - data_manager - INFO - Database setup completed successfully
2025-07-25 13:15:29,391 - data_manager - INFO - Fetched 124 records for ^NSEI
2025-07-25 13:15:29,397 - data_manager - ERROR - Error calculating technical indicators: module 'ta.volume' has no attribute 'volume_sma'
2025-07-25 13:15:35,567 - data_manager - INFO - Database setup completed successfully
2025-07-25 13:15:35,701 - data_manager - INFO - Fetched 124 records for ^NSEI
2025-07-25 13:15:35,707 - data_manager - ERROR - Error calculating technical indicators: module 'ta.volume' has no attribute 'volume_sma'
2025-07-25 13:15:42,144 - data_manager - INFO - Database setup completed successfully
2025-07-25 13:15:42,281 - data_manager - INFO - Fetched 124 records for ^NSEI
2025-07-25 13:15:42,287 - data_manager - ERROR - Error calculating technical indicators: module 'ta.volume' has no attribute 'volume_sma'
2025-07-25 13:15:48,395 - data_manager - INFO - Database setup completed successfully
2025-07-25 13:15:48,524 - data_manager - INFO - Fetched 124 records for ^NSEI
2025-07-25 13:15:48,530 - data_manager - ERROR - Error calculating technical indicators: module 'ta.volume' has no attribute 'volume_sma'
2025-07-25 13:15:56,559 - data_manager - INFO - Database setup completed successfully
2025-07-25 13:15:56,705 - data_manager - INFO - Fetched 124 records for ^NSEI
2025-07-25 13:15:56,711 - data_manager - ERROR - Error calculating technical indicators: module 'ta.volume' has no attribute 'volume_sma'
2025-07-25 13:16:03,205 - data_manager - INFO - Database setup completed successfully
2025-07-25 13:16:03,366 - data_manager - INFO - Fetched 124 records for ^NSEI
2025-07-25 13:16:03,371 - data_manager - ERROR - Error calculating technical indicators: module 'ta.volume' has no attribute 'volume_sma'
2025-07-25 13:16:09,115 - data_manager - INFO - Database setup completed successfully
2025-07-25 13:16:09,309 - data_manager - INFO - Fetched 124 records for ^NSEI
2025-07-25 13:16:09,314 - data_manager - ERROR - Error calculating technical indicators: module 'ta.volume' has no attribute 'volume_sma'
2025-07-25 13:16:15,246 - data_manager - INFO - Database setup completed successfully
2025-07-25 13:16:15,373 - data_manager - INFO - Fetched 124 records for ^NSEI
2025-07-25 13:16:15,379 - data_manager - ERROR - Error calculating technical indicators: module 'ta.volume' has no attribute 'volume_sma'
2025-07-25 13:16:21,221 - data_manager - INFO - Database setup completed successfully
2025-07-25 13:16:21,415 - data_manager - INFO - Fetched 124 records for ^NSEI
2025-07-25 13:16:21,421 - data_manager - ERROR - Error calculating technical indicators: module 'ta.volume' has no attribute 'volume_sma'
2025-07-25 13:16:27,819 - data_manager - INFO - Database setup completed successfully
2025-07-25 13:16:27,948 - data_manager - INFO - Fetched 124 records for ^NSEI
2025-07-25 13:16:27,954 - data_manager - ERROR - Error calculating technical indicators: module 'ta.volume' has no attribute 'volume_sma'
2025-07-25 13:16:33,358 - data_manager - INFO - Database setup completed successfully
2025-07-25 13:16:33,491 - data_manager - INFO - Fetched 124 records for ^NSEI
2025-07-25 13:16:33,497 - data_manager - ERROR - Error calculating technical indicators: module 'ta.volume' has no attribute 'volume_sma'
2025-07-25 13:16:39,071 - data_manager - INFO - Database setup completed successfully
2025-07-25 13:16:39,245 - data_manager - INFO - Fetched 124 records for ^NSEI
2025-07-25 13:16:39,251 - data_manager - ERROR - Error calculating technical indicators: module 'ta.volume' has no attribute 'volume_sma'
2025-07-25 13:16:45,847 - data_manager - INFO - Database setup completed successfully
2025-07-25 13:16:45,978 - data_manager - INFO - Fetched 124 records for ^NSEI
2025-07-25 13:16:45,983 - data_manager - ERROR - Error calculating technical indicators: module 'ta.volume' has no attribute 'volume_sma'
2025-07-25 13:16:52,703 - data_manager - INFO - Database setup completed successfully
2025-07-25 13:16:52,828 - data_manager - INFO - Fetched 124 records for ^NSEI
2025-07-25 13:16:52,833 - data_manager - ERROR - Error calculating technical indicators: module 'ta.volume' has no attribute 'volume_sma'
2025-07-25 13:16:58,089 - data_manager - INFO - Database setup completed successfully
2025-07-25 13:16:58,256 - data_manager - INFO - Fetched 124 records for ^NSEI
2025-07-25 13:16:58,262 - data_manager - ERROR - Error calculating technical indicators: module 'ta.volume' has no attribute 'volume_sma'
